<?xml version="1.0" encoding="UTF-8"?>
<!-- Generated by org.testng.reporters.JUnitXMLReporter -->
<testsuite hostname="LAPTOP-079JD6AL" ignored="0" name="Default test" tests="4" failures="0" timestamp="03 Aug 2019 17:11:42 GMT" time="0.065" errors="0">
  <testcase name="f1" time="0.012" classname="Testngforlisteners.Listenerwithtc"/>
  <testcase name="f2" time="0.002" classname="Testngforlisteners.Listenerwithtc"/>
  <testcase name="f3" time="0.002" classname="Testngforlisteners.Listenerwithtc"/>
  <testcase name="f4" time="0.001" classname="Testngforlisteners.Listenerwithtc"/>
</testsuite> <!-- Default test -->
