<?xml version="1.0" encoding="UTF-8"?>
<testng-results skipped="0" failed="0" ignored="0" total="4" passed="4">
  <reporter-output>
  </reporter-output>
  <suite name="Default suite" duration-ms="65" started-at="2019-08-03T17:11:41Z" finished-at="2019-08-03T17:11:41Z">
    <groups>
    </groups>
    <test name="Default test" duration-ms="65" started-at="2019-08-03T17:11:41Z" finished-at="2019-08-03T17:11:41Z">
      <class name="Testngforlisteners.Listenerwithtc">
        <test-method status="PASS" signature="f1()[pri:0, instance:Testngforlisteners.Listenerwithtc@3bfdc050]" name="f1" duration-ms="12" started-at="2019-08-03T17:11:41Z" finished-at="2019-08-03T17:11:41Z">
          <reporter-output>
          </reporter-output>
        </test-method> <!-- f1 -->
        <test-method status="PASS" signature="f2()[pri:0, instance:Testngforlisteners.Listenerwithtc@3bfdc050]" name="f2" duration-ms="2" started-at="2019-08-03T17:11:41Z" finished-at="2019-08-03T17:11:41Z">
          <reporter-output>
          </reporter-output>
        </test-method> <!-- f2 -->
        <test-method status="PASS" signature="f3()[pri:0, instance:Testngforlisteners.Listenerwithtc@3bfdc050]" name="f3" duration-ms="2" started-at="2019-08-03T17:11:41Z" finished-at="2019-08-03T17:11:41Z">
          <reporter-output>
          </reporter-output>
        </test-method> <!-- f3 -->
        <test-method status="PASS" signature="f4()[pri:0, instance:Testngforlisteners.Listenerwithtc@3bfdc050]" name="f4" duration-ms="1" started-at="2019-08-03T17:11:41Z" finished-at="2019-08-03T17:11:41Z">
          <reporter-output>
          </reporter-output>
        </test-method> <!-- f4 -->
      </class> <!-- Testngforlisteners.Listenerwithtc -->
    </test> <!-- Default test -->
  </suite> <!-- Default suite -->
</testng-results>
